[DubaiMatrixASI] 10:33:22.060    OMEGA │ ⚡ Consciência neural inicializando...
[DubaiMatrixASI] 10:33:22.060    OMEGA │ ⚡ Setores neurais: ATIVANDO
[DubaiMatrixASI] 10:33:22.061    OMEGA │ ⚡ Estado quântico: SUPERPOSIÇÃO
[DubaiMatrixASI] 10:33:22.061    OMEGA │ ⚡ Modo: AGUARDANDO CONVERGÊNCIA
[DubaiMatrixASI] 10:33:22.061    OMEGA │ ⚡ 🚀 DubaiMatrixASI 1.0.0-omega
[DubaiMatrixASI] 10:33:22.062    OMEGA │ ⚡ 📅 2026-03-20T13:33:22.062039+00:00
[DubaiMatrixASI] 10:33:22.062    OMEGA │ ⚡ 🎯 Ativo: BTCUSD
[DubaiMatrixASI] 10:33:22.062    OMEGA │ ⚡ 🏗️ Modo: DEMO (Validação em tempo real)
[DubaiMatrixASI] 10:33:22.066    OMEGA │ ⚡ 🔗 MT5 CONECTADO!
[DubaiMatrixASI] 10:33:22.069    OMEGA │ ⚡ ✅ ASI TCP Server Online na porta 5555
[DubaiMatrixASI] 10:33:22.069    OMEGA │ ⚡ ✅ Dados fluindo! Primeiro tick: Ask=70065.56, Bid=70064.56
[DubaiMatrixASI] 10:33:22.078    OMEGA │ ⚡ ⚡ DataEngine Background Worker: ONLINE
[DubaiMatrixASI] 10:33:22.079    OMEGA │ ⚡ 🧠 Neural Swarm inicializado: 180 agentes ativos (Parallel Execution Enabled)
[DubaiMatrixASI] 10:33:22.100    OMEGA │ ⚡ 🛡️ TrinityCore Integrated Information (Φ) GATE: ENABLED
[DubaiMatrixASI] 10:33:22.141    OMEGA │ ⚡ 📡 Sentiment Scraper: ONLINE
[DubaiMatrixASI] 10:33:22.142    OMEGA │ ⚡ ⛓️ On-Chain Scraper: ONLINE
[DubaiMatrixASI] 10:33:22.144    OMEGA │ ⚡ 🌍 Macro Scraper: ONLINE
[DubaiMatrixASI] 10:33:22.150    OMEGA │ ⚡ ☕ Java Enterprise PnLPredictor INICIADO (Daemon na porta 5556)
[DubaiMatrixASI] 10:33:22.151    OMEGA │ ⚡ 🧠 Neural Swarm inicializado: 180 agentes ativos
[DubaiMatrixASI] 10:33:22.151    OMEGA │ ⚡ 🧠 ASI BRAIN ONLINE — Todos os setores neurais ativados
[DubaiMatrixASI] 10:33:22.153    OMEGA │ ⚡ ⚡ WARMUP INICIADO — O DataEngine rodará em background para puxar e pre-calcular todo o histórico...
[DubaiMatrixASI] 10:33:22.153    OMEGA │ ⚡ ⚡ CONSCIÊNCIA ATIVA — Entrando no loop principal
[DubaiMatrixASI] 10:33:22.186    OMEGA │ ⚡ 🌊 REGIME CHANGE → DRIFTING_BEAR (conf=0.70)
[DubaiMatrixASI] 10:33:22.372    OMEGA │ ⚡ 📈 [COMMISSION ADAPTATION] Ajustando comissão: $50.0 -> $45.61
[DubaiMatrixASI] 10:33:22.406    OMEGA │ ⚡ 🔍 [DEEP AUDIT] Sincronização inicial otimizada (7 dias).
[DubaiMatrixASI] 10:33:22.553  WARNING │ 🚨 ALERT [CRITICAL]: 5 losses consecutivos!
[DubaiMatrixASI] 10:33:22.555    OMEGA │ ⚡ 🧠 REFLEXÃO CONCLUÍDA: 72 posições auditadas, 0 novos registros finalizados. P&L Líquido Total: $-3937.08
